make all --print-data-base --no-builtin-variables --no-builtin-rules --question
# GNU Make 4.1
# Built for x86_64-pc-linux-gnu
# Copyright (C) 1988-2014 Free Software Foundation, Inc.
# License GPLv3+: GNU GPL version 3 or later <http://gnu.org/licenses/gpl.html>
# This is free software: you are free to change and redistribute it.
# There is NO WARRANTY, to the extent permitted by law.

# Make data base, printed on Fri May 27 12:27:17 2022

# Variables

# automatic
<D = $(patsubst %/,%,$(dir $<))
# automatic
?F = $(notdir $?)
# environment
DESKTOP_SESSION = plasma
# default
.SHELLFLAGS := -c
# environment
XDG_SESSION_CLASS = user
# environment
XDG_SESSION_TYPE = x11
# environment
VSCODE_LOG_NATIVE = false
# environment
MODULEPATH = /apps/Modules_new_image/versions:/apps/Modules_new_image/$MODULE_VERSION/modulefiles:/apps/Modules_new_image/modulefiles
# automatic
?D = $(patsubst %/,%,$(dir $?))
# environment
GTK_RC_FILES = /etc/gtk/gtkrc:/home/ryancey/.gtkrc:/home/ryancey/.config/gtkrc
# automatic
@D = $(patsubst %/,%,$(dir $@))
# environment
XAUTHORITY = /tmp/xauth-926-_0
# automatic
@F = $(notdir $@)
# default
MAKE_VERSION := 4.1
# makefile
CURDIR := /home/ryancey/Cpp/mpi_allPrimes
# makefile
SHELL = /bin/sh
# environment
VSCODE_NLS_CONFIG = {"locale":"en-us","availableLanguages":{},"_languagePackSupport":true}
# environment
_ = /usr/bin/code
# environment
QT_AUTO_SCREEN_SCALE_FACTOR = 0
# makefile (from 'makefile', line 3)
CFLAGS = -c -I./header -std=c++0x
# makefile (from 'makefile', line 9)
objects := bin/data.o bin/parent.o bin/child.o bin/main.o
# environment
XDG_CONFIG_DIRS = /etc/xdg/xdg-plasma:/etc/xdg:/usr/share/kubuntu-default-settings/kf5-settings
# makefile (from 'makefile', line 1)
MAKEFILE_LIST :=  makefile
# 'override' directive
GNUMAKEFLAGS := 
# environment
MANDATORY_PATH = /usr/share/gconf/plasma.mandatory.path
# environment
XDG_DATA_DIRS = /usr/share/plasma:/usr/local/share:/usr/share:/var/lib/snapd/desktop
# environment
DBUS_SESSION_BUS_ADDRESS = unix:abstract=/tmp/dbus-QUK5U1dfT0,guid=a9fc3da374a68d670363ffe76290fbc7
# environment
VSCODE_VERBOSE_LOGGING = true
# environment
VSCODE_IPC_HOOK_EXTHOST = /run/user/926/vscode-ipc-75307fb0-964c-4824-9a66-884e45e421ed.sock
# environment
VSCODE_CWD = /home/ryancey/Cpp/mpi_allPrimes
# environment
XDG_SESSION_PATH = /org/freedesktop/DisplayManager/Session2
# default
MAKE_HOST := x86_64-pc-linux-gnu
# environment
PATH = /home/ryancey/.cargo/bin:/usr/local/sbin:/usr/local/bin:/usr/sbin:/usr/bin:/sbin:/bin:/usr/games:/usr/local/games:/snap/bin
# environment
GPG_AGENT_INFO = /run/user/926/gnupg/S.gpg-agent:0:1
# environment
XCURSOR_THEME = breeze_cursors
# environment
SESSION_MANAGER = local/whitwell:@/tmp/.ICE-unix/1561,unix/whitwell:/tmp/.ICE-unix/1561
# environment
XDG_RUNTIME_DIR = /run/user/926
# environment
WINDOWID = 58720262
# environment
KONSOLE_PROFILE_NAME = Default
# environment
VSCODE_LOG_STACK = false
# environment
ELECTRON_RUN_AS_NODE = 1
# environment
GTK2_RC_FILES = /etc/gtk-2.0/gtkrc:/home/ryancey/.gtkrc-2.0:/home/ryancey/.config/gtkrc-2.0
# environment
PROFILEHOME = 
# default
.FEATURES := target-specific order-only second-expansion else-if shortest-stem undefine oneshell archives jobserver output-sync check-symlink load
# environment
XDG_SESSION_DESKTOP = KDE
# environment
SSH_AUTH_SOCK = /tmp/ssh-XKPrhcvVnBA0/agent.1412
# automatic
%F = $(notdir $%)
# environment
DISPLAY = :0
# environment
VSCODE_PIPE_LOGGING = true
# environment
PWD = /home/ryancey/Cpp/mpi_allPrimes
# environment
KDE_SESSION_VERSION = 5
# makefile (from 'makefile', line 6)
src = $(wildcard source/*.cpp)
# environment
XDG_SEAT = seat0
# environment
SSH_AGENT_PID = 1492
# environment
ORIGINAL_XDG_CURRENT_DESKTOP = KDE
# environment
VSCODE_AMD_ENTRYPOINT = vs/workbench/api/node/extensionHostProcess
# environment
HOME = /home/ryancey
# environment
VSCODE_CLI = 1
# environment
VSCODE_CODE_CACHE_PATH = /home/ryancey/.config/Code/CachedData/c3511e6c69bb39013c4a4b7b9566ec1ca73fc4d5
# environment
LOGNAME = ryancey
# environment
APPLICATION_INSIGHTS_NO_DIAGNOSTIC_CHANNEL = 1
# environment
KDE_FULL_SESSION = true
# environment
ELECTRON_NO_ATTACH_CONSOLE = 1
# environment
VSCODE_HANDLES_UNCAUGHT_ERRORS = true
# automatic
^D = $(patsubst %/,%,$(dir $^))
# environment
XDG_VTNR = 1
# environment
MAKELEVEL := 0
# environment
MODULE_VERSION_STACK = 3.2.10
# environment
COLORTERM = truecolor
# environment
KONSOLE_DBUS_SESSION = /Sessions/1
# default
MAKE = $(MAKE_COMMAND)
# default
MAKECMDGOALS := all
# environment
SHLVL = 1
# makefile (from 'makefile', line 7)
src1 = $(src:.cpp=.o)
# makefile (from 'makefile', line 2)
CC = mpiCC
# environment
XDG_SESSION_ID = 3
# environment
USER = ryancey
# makefile
.DEFAULT_GOAL := all
# environment
XDG_CURRENT_DESKTOP = KDE
# automatic
%D = $(patsubst %/,%,$(dir $%))
# default
MAKE_COMMAND := make
# default
.VARIABLES := 
# automatic
*F = $(notdir $*)
# environment
LANGUAGE = 
# environment
XDG_SEAT_PATH = /org/freedesktop/DisplayManager/Seat0
# environment
VSCODE_IPC_HOOK = /run/user/926/vscode-6d13aa78-1.67.2-main.sock
# makefile
MAKEFLAGS = pqrR
# environment
MFLAGS = -pqrR
# automatic
*D = $(patsubst %/,%,$(dir $*))
# environment
LOADEDMODULES = 
# environment
SHELL_SESSION_ID = 74917f1470814682a96d966ab8052265
# automatic
+D = $(patsubst %/,%,$(dir $+))
# environment
GDK_BACKEND = x11
# environment
MODULESHOME = /usr/local/Modules/3.2.10
# automatic
+F = $(notdir $+)
# environment
QT_ACCESSIBILITY = 1
# environment
COLORFGBG = 15;0
# environment
DEFAULTS_PATH = /usr/share/gconf/plasma.default.path
# default
MAKEFILES := 
# automatic
<F = $(notdir $<)
# environment
MODULE_VERSION = 3.2.10
# environment
LC_ALL = C
# automatic
^F = $(notdir $^)
# default
SUFFIXES := 
# environment
GS_LIB = /home/ryancey/.fonts
# environment
CHROME_DESKTOP = code-url-handler.desktop
# environment
KONSOLE_DBUS_SERVICE = :1.35
# default
.INCLUDE_DIRS = /usr/include /usr/local/include /usr/include
# default
.RECIPEPREFIX := 
# environment
LANG = C
# environment
TERM = xterm-256color
# environment
VSCODE_PID = 1903
# environment
KDE_SESSION_UID = 926
# variable set hash-table stats:
# Load=113/1024=11%, Rehash=0, Collisions=9/147=6%

# Pattern-specific Variable Values

# No pattern-specific variable values.

# Directories

# source (device 54, inode 265041132): 6 files, no impossibilities.
# . (device 54, inode 265041092): 9 files, no impossibilities.

# 15 files, no impossibilities in 2 directories.

# Implicit Rules

bin/%.o: source/%.cpp
#  recipe to execute (from 'makefile', line 20):
	$(CC) $(CFLAGS) $?
	mv *.o bin

# 1 implicit rules, 0 (0.0%) terminal.

# Files

bin/parent.o: source/parent.cpp
#  Implicit rule search has been done.
#  Implicit/static pattern stem: 'parent'
#  Last modified 2022-05-26 13:25:34.268048635
#  File has been updated.
#  Successfully updated.
#  recipe to execute (from 'makefile', line 20):
	$(CC) $(CFLAGS) $?
	mv *.o bin

all: bin/data.o bin/parent.o bin/child.o bin/main.o
#  Command line target.
#  Implicit rule search has not been done.
#  Implicit/static pattern stem: ''
#  File does not exist.
#  File has been updated.
#  Needs to be updated (-q is set).
# automatic
# @ := all
# automatic
# % := 
# automatic
# * := 
# automatic
# + := bin/data.o bin/parent.o bin/child.o bin/main.o
# automatic
# | := 
# automatic
# < := bin/data.o
# automatic
# ^ := bin/data.o bin/parent.o bin/child.o bin/main.o
# automatic
# ? := bin/data.o bin/parent.o bin/child.o bin/main.o
# variable set hash-table stats:
# Load=8/32=25%, Rehash=0, Collisions=1/13=8%
#  recipe to execute (from 'makefile', line 13):
	$(CC) -o run $(objects)

.PHONY: clean
#  Implicit rule search has not been done.
#  Modification time never checked.
#  File has not been updated.

# Not a target:
source/data.cpp:
#  Implicit rule search has been done.
 
#  Last modified 2022-05-26 12:45:28.176122
#  File has been updated.
#  Successfully updated.

# Not a target:
.SUFFIXES:
#  Implicit rule search has not been done.
#  Modification time never checked.
#  File has not been updated.

# Not a target:
source/main.cpp:
#  Implicit rule search has been done.
#  Last modified 2022-05-26 11:24:20.75695
#  File has been updated.
#  Successfully updated.

# Not a target:
makefile:
#  Implicit rule search has been done.
#  Last modified 2022-05-26 12:43:42.611511
#  File has been updated.
#  Successfully updated.

# Not a target:
source/child.cpp:
#  Implicit rule search has been done.
#  Last modified 2022-05-26 09:03:43.708291
#  File has been updated.
#  Successfully updated.

# Not a target:
source/parent.cpp:
#  Implicit rule search has been done.
#  Last modified 2022-05-26 11:22:19.257345
#  File has been updated.
#  Successfully updated.

# Not a target:
.DEFAULT:
#  Implicit rule search has not been done.
#  Modification time never checked.
#  File has not been updated.

clean:
#  Phony target (prerequisite of .PHONY).
#  Implicit rule search has not been done.
#  File does not exist.
#  File has not been updated.
#  recipe to execute (from 'makefile', line 26):
	rm -rf all $(objects)

bin/data.o: source/data.cpp
#  Implicit rule search has been done.
#  Implicit/static pattern stem: 'data'
#  Last modified 2022-05-26 13:25:34.02381654
#  File has been updated.
#  Successfully updated.
#  recipe to execute (from 'makefile', line 20):
	$(CC) $(CFLAGS) $?
	mv *.o bin

bin/main.o: source/main.cpp
#  Implicit rule search has been done.
#  Implicit/static pattern stem: 'main'
#  Last modified 2022-05-26 13:25:34.671274362
#  File has been updated.
#  Successfully updated.
#  recipe to execute (from 'makefile', line 20):
	$(CC) $(CFLAGS) $?
	mv *.o bin

bin/child.o: source/child.cpp
#  Implicit rule search has been done.
#  Implicit/static pattern stem: 'child'
#  Last modified 2022-05-26 13:25:34.460093151
#  File has been updated.
#  Successfully updated.
#  recipe to execute (from 'makefile', line 20):
	$(CC) $(CFLAGS) $?
	mv *.o bin

# files hash-table stats:
# Load=14/1024=1%, Rehash=0, Collisions=0/44=0%
# VPATH Search Paths

# No 'vpath' search paths.

# No general ('VPATH' variable) search path.

# strcache buffers: 1 (0) / strings = 34 / storage = 320 B / avg = 9 B
# current buf: size = 8162 B / used = 320 B / count = 34 / avg = 9 B

# strcache performance: lookups = 51 / hit rate = 33%
# hash-table stats:
# Load=34/8192=0%, Rehash=0, Collisions=2/51=4%
# Finished Make data base on Fri May 27 12:27:17 2022

 
