make all --print-data-base --no-builtin-variables --no-builtin-rules --question
make: *** No rule to make target 'all'.  Stop.

# GNU Make 4.1
# Built for x86_64-pc-linux-gnu
# Copyright (C) 1988-2014 Free Software Foundation, Inc.
# License GPLv3+: GNU GPL version 3 or later <http://gnu.org/licenses/gpl.html>
# This is free software: you are free to change and redistribute it.
# There is NO WARRANTY, to the extent permitted by law.

# Make data base, printed on Fri May 20 09:14:51 2022

# Variables

# automatic
<D = $(patsubst %/,%,$(dir $<))
# automatic
?F = $(notdir $?)
# environment
DESKTOP_SESSION = plasma
# environment
KONSOLE_DBUS_WINDOW = /Windows/1
# default
.SHELLFLAGS := -c
# environment
XDG_SESSION_CLASS = user
# environment
XDG_SESSION_TYPE = x11
# environment
VSCODE_LOG_NATIVE = false
# environment
MODULEPATH = /apps/Modules_new_image/versions:/apps/Modules_new_image/$MODULE_VERSION/modulefiles:/apps/Modules_new_image/modulefiles
# automatic
?D = $(patsubst %/,%,$(dir $?))
# automatic
@D = $(patsubst %/,%,$(dir $@))
# environment
XAUTHORITY = /home/ryancey/.Xauthority
# automatic
@F = $(notdir $@)
# default
MAKE_VERSION := 4.1
# makefile
CURDIR := /home/ryancey/Cpp/BinaryTreePeople
# makefile
SHELL = /bin/sh
# environment
VSCODE_NLS_CONFIG = {"locale":"en-us","availableLanguages":{},"_languagePackSupport":true}
# environment
_ = /usr/bin/code
# environment
QT_AUTO_SCREEN_SCALE_FACTOR = 0
# makefile (from 'makefile', line 2)
objects = source/BinaryTree.o source/main.o source/Person.o
# environment
XDG_CONFIG_DIRS = /etc/xdg/xdg-plasma:/etc/xdg:/usr/share/kubuntu-default-settings/kf5-settings
# makefile (from 'makefile', line 1)
MAKEFILE_LIST :=  makefile
# 'override' directive
GNUMAKEFLAGS := 
# environment
MANDATORY_PATH = /usr/share/gconf/plasma.mandatory.path
# environment
XDG_DATA_DIRS = /usr/share/plasma:/usr/local/share:/usr/share:/var/lib/snapd/desktop
# environment
DBUS_SESSION_BUS_ADDRESS = unix:abstract=/tmp/dbus-ly7pw1BohO,guid=5441002415c6419729c997c662878fdb
# environment
VSCODE_VERBOSE_LOGGING = true
# environment
VSCODE_IPC_HOOK_EXTHOST = /run/user/926/vscode-ipc-ce9ece64-00ca-4b00-bb43-d7ec529cbab4.sock
# environment
VSCODE_CWD = /home/ryancey/Cpp/BinaryTreePeople
# environment
XDG_SESSION_PATH = /org/freedesktop/DisplayManager/Session1
# default
MAKE_HOST := x86_64-pc-linux-gnu
# environment
PATH = /apps/openmpi/3.1.2/bin:/usr/local/sbin:/usr/local/bin:/usr/sbin:/usr/bin:/sbin:/bin:/usr/games:/usr/local/games:/snap/bin
# environment
MPI_INC = /apps/openmpi/3.1.2/include
# environment
GPG_AGENT_INFO = /run/user/926/gnupg/S.gpg-agent:0:1
# environment
XCURSOR_THEME = breeze_cursors
# environment
SESSION_MANAGER = local/whitwell:@/tmp/.ICE-unix/2309,unix/whitwell:/tmp/.ICE-unix/2309
# environment
XDG_RUNTIME_DIR = /run/user/926
# environment
MPI_HOME = /apps/openmpi/3.1.2
# environment
WINDOWID = 18874374
# environment
KONSOLE_PROFILE_NAME = Default
# environment
VSCODE_LOG_STACK = false
# environment
ELECTRON_RUN_AS_NODE = 1
# environment
PROFILEHOME = 
# default
.FEATURES := target-specific order-only second-expansion else-if shortest-stem undefine oneshell archives jobserver output-sync check-symlink load
# environment
XDG_SESSION_DESKTOP = KDE
# environment
SSH_AUTH_SOCK = /tmp/ssh-gpCFffmrKmyW/agent.2140
# automatic
%F = $(notdir $%)
# environment
DISPLAY = :0
# environment
MPI_PATH = /apps/openmpi/3.1.2/bin
# environment
VSCODE_PIPE_LOGGING = true
# environment
MPI_LIB = /apps/openmpi/3.1.2/lib
# environment
PWD = /home/ryancey/Cpp/BinaryTreePeople
# environment
KDE_SESSION_VERSION = 5
# environment
XDG_SEAT = seat0
# environment
SSH_AGENT_PID = 2220
# environment
ORIGINAL_XDG_CURRENT_DESKTOP = KDE
# environment
MANPATH = /apps/openmpi/3.1.2/share/man:/usr/share/man
# environment
VSCODE_AMD_ENTRYPOINT = vs/workbench/api/node/extensionHostProcess
# environment
HOME = /home/ryancey
# environment
LD_LIBRARY_PATH = /apps/openmpi/3.1.2/lib
# environment
VSCODE_CLI = 1
# environment
VSCODE_CODE_CACHE_PATH = /home/ryancey/.config/Code/CachedData/da15b6fd3ef856477bf6f4fb29ba1b7af717770d
# environment
LOGNAME = ryancey
# environment
APPLICATION_INSIGHTS_NO_DIAGNOSTIC_CHANNEL = 1
# environment
KDE_FULL_SESSION = true
# environment
ELECTRON_NO_ATTACH_CONSOLE = 1
# environment
VSCODE_HANDLES_UNCAUGHT_ERRORS = true
# automatic
^D = $(patsubst %/,%,$(dir $^))
# environment
XDG_VTNR = 1
# environment
MAKELEVEL := 0
# environment
MODULE_VERSION_STACK = 3.2.10
# environment
COLORTERM = truecolor
# environment
KONSOLE_DBUS_SESSION = /Sessions/1
# default
MAKE = $(MAKE_COMMAND)
# default
MAKECMDGOALS := all
# environment
SHLVL = 1
# environment
XDG_SESSION_ID = 3
# environment
USER = ryancey
# makefile
.DEFAULT_GOAL := build
# environment
XDG_CURRENT_DESKTOP = KDE
# automatic
%D = $(patsubst %/,%,$(dir $%))
# default
MAKE_COMMAND := make
# environment
OLDPWD = /home/ryancey/Cpp
# default
.VARIABLES := 
# automatic
*F = $(notdir $*)
# environment
LANGUAGE = 
# environment
XDG_SEAT_PATH = /org/freedesktop/DisplayManager/Seat0
# environment
VSCODE_IPC_HOOK = /run/user/926/vscode-6d13aa78-1.67.1-main.sock
# makefile
MAKEFLAGS = pqrR
# environment
MFLAGS = -pqrR
# automatic
*D = $(patsubst %/,%,$(dir $*))
# environment
LOADEDMODULES = openmpi/3.1.2
# environment
SHELL_SESSION_ID = f5cb96a07fe549d89fae2aef400ee276
# automatic
+D = $(patsubst %/,%,$(dir $+))
# environment
GDK_BACKEND = x11
# environment
MODULESHOME = /usr/local/Modules/3.2.10
# automatic
+F = $(notdir $+)
# environment
NO_AT_BRIDGE = 1
# environment
QT_ACCESSIBILITY = 1
# environment
COLORFGBG = 15;0
# environment
DEFAULTS_PATH = /usr/share/gconf/plasma.default.path
# default
MAKEFILES := 
# automatic
<F = $(notdir $<)
# environment
_LMFILES_ = /apps/Modules_new_image/3.2.10/modulefiles/openmpi/3.1.2
# environment
MODULE_VERSION = 3.2.10
# environment
LC_ALL = C
# automatic
^F = $(notdir $^)
# default
SUFFIXES := 
# environment
GS_LIB = /home/ryancey/.fonts
# environment
CHROME_DESKTOP = code-url-handler.desktop
# environment
KONSOLE_DBUS_SERVICE = :1.46
# default
.INCLUDE_DIRS = /usr/include /usr/local/include /usr/include
# default
.RECIPEPREFIX := 
# environment
LANG = C
# environment
TERM = xterm-256color
# environment
VSCODE_PID = 3251
# environment
KDE_SESSION_UID = 926
# variable set hash-table stats:
# Load=117/1024=11%, Rehash=0, Collisions=9/143=6%

# Pattern-specific Variable Values

# No pattern-specific variable values.

# Directories

# . (device 54, inode 262470886): 8 files, no impossibilities.

# 8 files, no impossibilities in 1 directories.

# Implicit Rules

# No implicit rules.

# Files

# Not a target:
all:
#  Command line target.
#  Implicit rule search has been done.
#  File does not exist.
#  File has not been updated.

.PHONY: clean
#  Implicit rule search has not been done.
#  Modification time never checked.
#  File has not been updated.

# Not a target:
makefile:
#  Implicit rule search has been done.
#  Last modified 2022-05-19 09:09:41.568885
 
#  File has been updated.
#  Successfully updated.

build: source/BinaryTree.o source/main.o source/Person.o
#  Implicit rule search has not been done.
#  Modification time never checked.
#  File has not been updated.
#  recipe to execute (from 'makefile', line 5):
	g++ -o bin/build $(objects)

# Not a target:
.DEFAULT:
#  Implicit rule search has not been done.
#  Modification time never checked.
#  File has not been updated.

clean:
#  Phony target (prerequisite of .PHONY).
#  Implicit rule search has not been done.
#  File does not exist.
#  File has not been updated.
#  recipe to execute (from 'makefile', line 15):
	rm build $(objects)

source/main.o: header/BinaryTree.h
#  Implicit rule search has not been done.
#  Modification time never checked.
#  File has not been updated.

source/BinaryTree.o: header/Person.h
#  Implicit rule search has not been done.
#  Modification time never checked.
#  File has not been updated.

# Not a target:
header/BinaryTree.h:
#  Implicit rule search has not been done.
#  Modification time never checked.
#  File has not been updated.

source/Person.o:
#  Implicit rule search has not been done.
#  Modification time never checked.
#  File has not been updated.

# Not a target:
header/Person.h:
#  Implicit rule search has not been done.
#  Modification time never checked.
#  File has not been updated.

# files hash-table stats:
# Load=12/1024=1%, Rehash=0, Collisions=0/32=0%
# VPATH Search Paths

# No 'vpath' search paths.

# No general ('VPATH' variable) search path.

# strcache buffers: 1 (0) / strings = 21 / storage = 214 B / avg = 10 B
# current buf: size = 8162 B / used = 214 B / count = 21 / avg = 10 B

# strcache performance: lookups = 35 / hit rate = 40%
# hash-table stats:
# Load=21/8192=0%, Rehash=0, Collisions=1/35=3%
# Finished Make data base on Fri May 20 09:14:51 2022

 
