make all --print-data-base --no-builtin-variables --no-builtin-rules --question
# GNU Make 4.1
# Built for x86_64-pc-linux-gnu
# Copyright (C) 1988-2014 Free Software Foundation, Inc.
# License GPLv3+: GNU GPL version 3 or later <http://gnu.org/licenses/gpl.html>
# This is free software: you are free to change and redistribute it.
# There is NO WARRANTY, to the extent permitted by law.

# Make data base, printed on Fri May 20 15:58:19 2022

# Variables

# automatic
<D = $(patsubst %/,%,$(dir $<))
# automatic
?F = $(notdir $?)
# environment
DESKTOP_SESSION = plasma
# default
.SHELLFLAGS := -c
# environment
XDG_SESSION_CLASS = user
# environment
XDG_SESSION_TYPE = x11
# environment
VSCODE_LOG_NATIVE = false
# environment
MODULEPATH = /apps/Modules_new_image/versions:/apps/Modules_new_image/$MODULE_VERSION/modulefiles:/apps/Modules_new_image/modulefiles
# automatic
?D = $(patsubst %/,%,$(dir $?))
# automatic
@D = $(patsubst %/,%,$(dir $@))
# environment
XAUTHORITY = /home/ryancey/.Xauthority
# automatic
@F = $(notdir $@)
# default
MAKE_VERSION := 4.1
# makefile
CURDIR := /home/ryancey/Cpp/mpi_ringmapping
# makefile
SHELL = /bin/sh
# environment
VSCODE_NLS_CONFIG = {"locale":"en-us","availableLanguages":{},"_languagePackSupport":true}
# environment
_ = /usr/share/code/code
# environment
QT_AUTO_SCREEN_SCALE_FACTOR = 0
# makefile (from 'makefile', line 4)
CFLAGS = -c -I./header
# makefile (from 'makefile', line 10)
objects := bin/PrimeSeq.o bin/main.o
# environment
XDG_CONFIG_DIRS = /etc/xdg/xdg-plasma:/etc/xdg:/usr/share/kubuntu-default-settings/kf5-settings
# makefile (from 'makefile', line 1)
MAKEFILE_LIST :=  makefile
# environment
IM_CONFIG_PHASE = 2
# 'override' directive
GNUMAKEFLAGS := 
# environment
MANDATORY_PATH = /usr/share/gconf/plasma.mandatory.path
# environment
XDG_DATA_DIRS = /usr/share/plasma:/usr/local/share:/usr/share:/var/lib/snapd/desktop
# environment
DBUS_SESSION_BUS_ADDRESS = unix:abstract=/tmp/dbus-g1CoBufdFq,guid=9d986e9a95595f0d186d58096287ac53
# environment
VSCODE_VERBOSE_LOGGING = true
# environment
VSCODE_IPC_HOOK_EXTHOST = /run/user/926/vscode-ipc-3c5bf616-d805-4464-b2e6-de50c5632903.sock
# environment
VSCODE_CWD = /home/ryancey
# environment
XDG_SESSION_PATH = /org/freedesktop/DisplayManager/Session1
# default
MAKE_HOST := x86_64-pc-linux-gnu
# environment
PATH = /usr/local/sbin:/usr/local/bin:/usr/sbin:/usr/bin:/sbin:/bin:/usr/games:/usr/local/games:/snap/bin
# environment
GPG_AGENT_INFO = /run/user/926/gnupg/S.gpg-agent:0:1
# environment
XCURSOR_THEME = breeze_cursors
# environment
SESSION_MANAGER = local/whitwell:@/tmp/.ICE-unix/1580,unix/whitwell:/tmp/.ICE-unix/1580
# environment
XDG_RUNTIME_DIR = /run/user/926
# environment
TEXTDOMAIN = im-config
# environment
VSCODE_LOG_STACK = false
# environment
ELECTRON_RUN_AS_NODE = 1
# default
.FEATURES := target-specific order-only second-expansion else-if shortest-stem undefine oneshell archives jobserver output-sync check-symlink load
# environment
XDG_SESSION_DESKTOP = KDE
# environment
SSH_AUTH_SOCK = /tmp/ssh-Ciijr28W0LA8/agent.1417
# automatic
%F = $(notdir $%)
# environment
DISPLAY = :0
# environment
VSCODE_PIPE_LOGGING = true
# environment
PWD = /home/ryancey/Cpp/mpi_ringmapping
# environment
KDE_SESSION_VERSION = 5
# makefile (from 'makefile', line 7)
src = $(wildcard source/*.cpp)
# environment
XDG_SEAT = seat0
# environment
SSH_AGENT_PID = 1497
# environment
ORIGINAL_XDG_CURRENT_DESKTOP = KDE
# environment
VSCODE_AMD_ENTRYPOINT = vs/workbench/api/node/extensionHostProcess
# environment
HOME = /home/ryancey
# environment
VSCODE_CODE_CACHE_PATH = /home/ryancey/.config/Code/CachedData/da15b6fd3ef856477bf6f4fb29ba1b7af717770d
# environment
LOGNAME = ryancey
# environment
APPLICATION_INSIGHTS_NO_DIAGNOSTIC_CHANNEL = 1
# environment
KDE_FULL_SESSION = true
# environment
VSCODE_HANDLES_UNCAUGHT_ERRORS = true
# automatic
^D = $(patsubst %/,%,$(dir $^))
# environment
XDG_VTNR = 1
# environment
MAKELEVEL := 0
# environment
MODULE_VERSION_STACK = 3.2.10
# default
MAKE = $(MAKE_COMMAND)
# default
MAKECMDGOALS := all
# environment
SHLVL = 1
# makefile (from 'makefile', line 8)
src1 = $(src:.cpp=.o)
# makefile (from 'makefile', line 3)
CC = mpiCC
# environment
XDG_SESSION_ID = 3
# environment
USER = ryancey
# makefile
.DEFAULT_GOAL := all
# environment
XDG_CURRENT_DESKTOP = KDE
# automatic
%D = $(patsubst %/,%,$(dir $%))
# default
MAKE_COMMAND := make
# default
.VARIABLES := 
# automatic
*F = $(notdir $*)
# environment
XDG_SEAT_PATH = /org/freedesktop/DisplayManager/Seat0
# environment
VSCODE_IPC_HOOK = /run/user/926/vscode-6d13aa78-1.67.1-main.sock
# makefile
MAKEFLAGS = pqrR
# environment
MFLAGS = -pqrR
# automatic
*D = $(patsubst %/,%,$(dir $*))
# environment
LOADEDMODULES = 
# automatic
+D = $(patsubst %/,%,$(dir $+))
# environment
GDK_BACKEND = x11
# environment
MODULESHOME = /usr/local/Modules/3.2.10
# automatic
+F = $(notdir $+)
# environment
QT_ACCESSIBILITY = 1
# environment
DEFAULTS_PATH = /usr/share/gconf/plasma.default.path
# environment
TEXTDOMAINDIR = /usr/share/locale/
# default
MAKEFILES := 
# automatic
<F = $(notdir $<)
# environment
MODULE_VERSION = 3.2.10
# environment
LC_ALL = C
# automatic
^F = $(notdir $^)
# default
SUFFIXES := 
# environment
GS_LIB = /home/ryancey/.fonts
# environment
CHROME_DESKTOP = code-url-handler.desktop
# default
.INCLUDE_DIRS = /usr/include /usr/local/include /usr/include
# default
.RECIPEPREFIX := 
# environment
LANG = C
# environment
VSCODE_PID = 2150
# environment
KDE_SESSION_UID = 926
# variable set hash-table stats:
# Load=102/1024=10%, Rehash=0, Collisions=6/136=4%

# Pattern-specific Variable Values

# No pattern-specific variable values.

# Directories

# source (device 54, inode 260628357): 4 files, no impossibilities.
# . (device 54, inode 258578667): 9 files, no impossibilities.

# 13 files, no impossibilities in 2 directories.

# Implicit Rules

bin/%.o: source/%.cpp
#  recipe to execute (from 'makefile', line 21):
	$(CC) $(CFLAGS) $?
	mv *.o bin

# 1 implicit rules, 0 (0.0%) terminal.

# Files

all: bin/PrimeSeq.o bin/main.o
#  Command line target.
#  Implicit rule search has not been done.
#  File does not exist.
#  File has been updated.
#  Needs to be updated (-q is set).
# variable set hash-table stats:
# Load=0/32=0%, Rehash=0, Collisions=0/5=0%
#  recipe to execute (from 'makefile', line 14):
	$(CC) -o run $(objects)

.PHONY: clean
#  Implicit rule search has not been done.
#  Modification time never checked.
#  File has not been updated.

# Not a target:
source/main.cpp:
#  Implicit rule search has been done.
#  Last modified 2022-05-20 15:58:12.72523
#  File has been updated.
#  Successfully updated.

# Not a target:
makefile:
#  Implicit rule search has been done.
#  Last modified 2022-05-20 12:25:29.397145
#  File has been updated.
#  Successfully updated.

bin/PrimeSeq.o: source/PrimeSeq.cpp
#  Implicit rule search has been done.
#  Implicit/static pattern stem: 'PrimeSeq'
#  Last modified 2022-05-20 15:06:27.722415
#  File has been updated.
#  Successfully updated.
#  recipe to execute (from 'makefile', line 21):
	$(CC) $(CFLAGS) $?
	mv *.o bin

# Not a target:
.DEFAULT:
#  Implicit rule search has not been done.
#  Modification time never checked.
#  File has not been updated.
 

clean:
#  Phony target (prerequisite of .PHONY).
#  Implicit rule search has not been done.
#  File does not exist.
#  File has not been updated.
#  recipe to execute (from 'makefile', line 27):
	rm -rf all $(objects)

bin/main.o: source/main.cpp
#  Implicit rule search has been done.
#  Implicit/static pattern stem: 'main'
#  Last modified 2022-05-20 15:55:10.517502
#  File has been updated.
#  Needs to be updated (-q is set).
# automatic
# @ := bin/main.o
# automatic
# % := 
# automatic
# * := main
# automatic
# + := source/main.cpp
# automatic
# | := 
# automatic
# < := source/main.cpp
# automatic
# ^ := source/main.cpp
# automatic
# ? := source/main.cpp
# variable set hash-table stats:
# Load=8/32=25%, Rehash=0, Collisions=1/14=7%
#  recipe to execute (from 'makefile', line 21):
	$(CC) $(CFLAGS) $?
	mv *.o bin

# Not a target:
source/PrimeSeq.cpp:
#  Implicit rule search has been done.
#  Last modified 2022-05-20 14:42:40.578137
#  File has been updated.
#  Successfully updated.

# files hash-table stats:
# Load=10/1024=1%, Rehash=0, Collisions=0/31=0%
# VPATH Search Paths

# No 'vpath' search paths.

# No general ('VPATH' variable) search path.

# strcache buffers: 1 (0) / strings = 26 / storage = 241 B / avg = 9 B
# current buf: size = 8162 B / used = 241 B / count = 26 / avg = 9 B

# strcache performance: lookups = 40 / hit rate = 35%
# hash-table stats:
# Load=26/8192=0%, Rehash=0, Collisions=2/40=5%
# Finished Make data base on Fri May 20 15:58:19 2022

 
